
   INFO  Running migrations.  

  2026_01_31_100401_create_cable_cores_table  22.64ms FAIL

   Illuminate\Database\QueryException 

  SQLSTATE[42S01]: Base table or view already exists: 1050 Table 'pd_cable_cores' already exists (Connection: mysql, Host: 127.0.0.1, Port: 3311, Database: openaccess, SQL: create table `pd_cable_cores` (`id` bigint unsigned not null auto_increment primary key, `cable_id` bigint unsigned not null, `tube_id` bigint unsigned null, `color` varchar(255) not null, `core_number` int not null, `status` varchar(255) not null default 'Available', `created_at` timestamp null, `updated_at` timestamp null) default character set utf8mb4 collate 'utf8mb4_unicode_ci')

  at vendor/laravel/framework/src/Illuminate/Database/Connection.php:838
    834▕             $exceptionType = $this->isUniqueConstraintError($e)
    835▕                 ? UniqueConstraintViolationException::class
    836▕                 : QueryException::class;
    837▕ 
  ➜ 838▕             throw new $exceptionType(
    839▕                 $this->getNameWithReadWriteType(),
    840▕                 $query,
    841▕                 $this->prepareBindings($bindings),
    842▕                 $e,

      [2m+9 vendor frames [22m

  10  database/migrations/2026_01_31_100401_create_cable_cores_table.php:14
      Illuminate\Support\Facades\Facade::__callStatic()
      [2m+26 vendor frames [22m

  37  artisan:16
      Illuminate\Foundation\Application::handleCommand()

